<?xml version="1.0" encoding="UTF-8"?>
<!-- Generated by org.testng.reporters.JUnitReportReporter -->
<testsuite skipped="0" hostname="liuzhanhuideMacBook-Air.local" name="com.okjiaoyu.qa.teacherspace.cases.LoginCase" tests="1" failures="0" timestamp="22 十一月 2018 10:08:54 GMT" time="1.071" errors="0">
  <testcase name="getUrl" time="1.071" classname="com.okjiaoyu.qa.teacherspace.cases.LoginCase"/>
</testsuite> <!-- com.okjiaoyu.qa.teacherspace.cases.LoginCase -->
