<?xml version="1.0" encoding="UTF-8"?>
<!-- Generated by org.testng.reporters.JUnitReportReporter -->
<testsuite skipped="0" hostname="liuzhanhuideMacBook-Air.local" name="com.okjiaoyu.qa.teacherspace.cases.LoginCase" tests="1" failures="0" timestamp="28 十一月 2018 03:25:28 GMT" time="1.237" errors="0">
  <testcase name="login" time="1.237" classname="com.okjiaoyu.qa.teacherspace.cases.LoginCase"/>
</testsuite> <!-- com.okjiaoyu.qa.teacherspace.cases.LoginCase -->
